<?xml version="1.0" encoding="UTF-8"?>
<!-- Generated by org.testng.reporters.JUnitReportReporter -->
<testsuite skipped="0" hostname="DESKTOP-3S3P68U" name="RestfulBooker.CreateBookingBrokerTest" tests="2" failures="0" timestamp="2022-10-23T10:17:25 IST" time="9.114" errors="0">
  <testcase name="createBookingTest" time="9.110" classname="RestfulBooker.CreateBookingBrokerTest"/>
  <testcase name="updateBookingTest" time="0.004" classname="RestfulBooker.CreateBookingBrokerTest"/>
</testsuite> <!-- RestfulBooker.CreateBookingBrokerTest -->
