<?xml version="1.0" encoding="UTF-8"?>
<!-- Generated by org.testng.reporters.JUnitReportReporter -->
<testsuite skipped="0" hostname="DESKTOP-3S3P68U" name="RestfulBooker.CreateBookingBrokerTest7" tests="2" failures="0" timestamp="2022-10-25T17:08:43 IST" time="8.482" errors="0">
  <testcase name="createBookingTest" time="6.664" classname="RestfulBooker.CreateBookingBrokerTest7"/>
  <testcase name="updateBookingTest" time="1.818" classname="RestfulBooker.CreateBookingBrokerTest7"/>
</testsuite> <!-- RestfulBooker.CreateBookingBrokerTest7 -->
