<?xml version="1.0" encoding="UTF-8"?>
<!-- Generated by org.testng.reporters.JUnitReportReporter -->
<testsuite skipped="0" hostname="DESKTOP-3S3P68U" name="JsonAssertion.JsonXAssertion" tests="1" failures="0" timestamp="2022-08-07T18:00:32 IST" time="0.026" errors="0">
  <testcase name="validateJson" time="0.026" classname="JsonAssertion.JsonXAssertion"/>
</testsuite> <!-- JsonAssertion.JsonXAssertion -->
