<?xml version="1.0" encoding="UTF-8"?>
<!-- Generated by org.testng.reporters.JUnitReportReporter -->
<testsuite skipped="0" hostname="DESKTOP-3S3P68U" name="RestfulBooker.CreateBookingBrokerTest4" tests="1" failures="0" timestamp="2022-10-23T09:37:14 IST" time="8.108" errors="0">
  <testcase name="createBookingTest" time="8.108" classname="RestfulBooker.CreateBookingBrokerTest4"/>
</testsuite> <!-- RestfulBooker.CreateBookingBrokerTest4 -->
