<?xml version="1.0" encoding="UTF-8"?>
<!-- Generated by org.testng.reporters.JUnitReportReporter -->
<testsuite skipped="0" hostname="DESKTOP-3S3P68U" name="RestfulBooker.CreateBookingBrokerTest7" tests="2" failures="0" timestamp="2022-10-30T08:10:02 IST" time="13.058" errors="0">
  <testcase name="createBookingTest" time="9.904" classname="RestfulBooker.CreateBookingBrokerTest7"/>
  <testcase name="updateBookingTest" time="3.154" classname="RestfulBooker.CreateBookingBrokerTest7"/>
</testsuite> <!-- RestfulBooker.CreateBookingBrokerTest7 -->
