<?xml version="1.0" encoding="UTF-8"?>
<!-- Generated by org.testng.reporters.JUnitReportReporter -->
<testsuite skipped="0" hostname="DESKTOP-3S3P68U" name="RestfulBooker.CreateBookingBrokerTest8" tests="2" failures="0" timestamp="2022-10-27T18:34:37 IST" time="11.057" errors="0">
  <testcase name="createBookingTest" time="9.109" classname="RestfulBooker.CreateBookingBrokerTest8"/>
  <testcase name="updateBookingTest" time="1.948" classname="RestfulBooker.CreateBookingBrokerTest8"/>
</testsuite> <!-- RestfulBooker.CreateBookingBrokerTest8 -->
