<?xml version="1.0" encoding="UTF-8"?>
<!-- Generated by org.testng.reporters.JUnitReportReporter -->
<testsuite skipped="0" hostname="DESKTOP-3S3P68U" name="RestfulBooker.GetTokenDD" tests="2" failures="0" timestamp="2022-10-20T11:23:00 IST" time="7.842" errors="0">
  <testcase name="getAccessToken" time="6.444" classname="RestfulBooker.GetTokenDD"/>
  <testcase name="getAccessToken" time="1.398" classname="RestfulBooker.GetTokenDD"/>
</testsuite> <!-- RestfulBooker.GetTokenDD -->
