<?xml version="1.0" encoding="UTF-8"?>
<!-- Generated by org.testng.reporters.JUnitReportReporter -->
<testsuite skipped="0" hostname="DESKTOP-3S3P68U" name="RestfulBooker.CreateBookingTest" tests="1" failures="0" timestamp="2022-09-13T16:21:03 IST" time="0.080" errors="0">
  <testcase name="gsonTest" time="0.080" classname="RestfulBooker.CreateBookingTest"/>
</testsuite> <!-- RestfulBooker.CreateBookingTest -->
