<?xml version="1.0" encoding="UTF-8"?>
<!-- Generated by org.testng.reporters.JUnitReportReporter -->
<testsuite skipped="0" hostname="DESKTOP-3S3P68U" name="com.krogerqa.service.scenarios.seedTest" tests="2" failures="0" timestamp="2022-10-27T18:50:39 IST" time="0.026" errors="0">
  <testcase name="seedTest" time="0.000" classname="com.krogerqa.service.scenarios.seedTest"/>
  <testcase name="seedTest" time="0.026" classname="com.krogerqa.service.scenarios.seedTest"/>
</testsuite> <!-- com.krogerqa.service.scenarios.seedTest -->
