<?xml version="1.0" encoding="UTF-8"?>
<!-- Generated by org.testng.reporters.JUnitReportReporter -->
<testsuite skipped="0" hostname="DESKTOP-3S3P68U" name="RestfulBooker.UpdateBookingTest" tests="1" failures="0" timestamp="2022-10-30T11:21:37 IST" time="4.161" errors="0">
  <testcase name="UpdateBookingTest" time="4.161" classname="RestfulBooker.UpdateBookingTest"/>
</testsuite> <!-- RestfulBooker.UpdateBookingTest -->
