<?xml version="1.0" encoding="UTF-8"?>
<!-- Generated by org.testng.reporters.JUnitReportReporter -->
<testsuite skipped="0" hostname="DESKTOP-3S3P68U" name="RestfulBooker.GetToken" tests="1" failures="0" timestamp="2022-10-19T17:51:34 IST" time="7.483" errors="0">
  <testcase name="getAccessToken" time="7.483" classname="RestfulBooker.GetToken"/>
</testsuite> <!-- RestfulBooker.GetToken -->
