<?xml version="1.0" encoding="UTF-8"?>
<!-- Generated by org.testng.reporters.JUnitReportReporter -->
<testsuite skipped="0" hostname="DESKTOP-3S3P68U" name="RestfulBooker.JsonTraverseTest" tests="1" failures="0" timestamp="2022-09-17T09:35:54 IST" time="2.956" errors="0">
  <testcase name="memeberTest" time="2.956" classname="RestfulBooker.JsonTraverseTest"/>
</testsuite> <!-- RestfulBooker.JsonTraverseTest -->
